$ python -m pytest -v  
============================= test session starts =============================
platform win32 -- Python 3.12.10, pytest-9.1.1, pluggy-1.6.0 -- C:\Users\shobi\AppData\Local\Microsoft\WindowsApps\PythonSoftwareFoundation.Python.3.12_qbz5n2kfra8p0\python.exe
cachedir: .pytest_cache
rootdir: C:\Users\shobi\OneDrive\Desktop\order-engine
configfile: pyproject.toml
testpaths: tests
plugins: anyio-4.4.0
collecting ... collected 80 items

tests/test_allocation.py::test_pinned_tie_breaking_lowest_index_wins PASSED [  1%]
tests/test_allocation.py::test_awkward_split_sums_exactly PASSED         [  2%]
tests/test_allocation.py::test_zero_total_and_single_weight PASSED       [  3%]
tests/test_allocation.py::test_zero_weights_with_positive_total_rejected PASSED [  5%]
tests/test_allocation.py::test_decimal_rate_weights PASSED               [  6%]
tests/test_allocation.py::test_zero_weight_line_never_receives PASSED    [  7%]
tests/test_allocation.py::test_property_sum_exact_and_each_part_within_one_of_ideal PASSED [  8%]
tests/test_charges.py::test_exclusive_taxable_charge PASSED              [ 10%]
tests/test_charges.py::test_inclusive_charge_splits_like_an_inclusive_line PASSED [ 11%]
tests/test_charges.py::test_order_discount_never_touches_charges PASSED  [ 12%]
tests/test_charges.py::test_charge_only_order PASSED                     [ 13%]
tests/test_discounts.py::test_item_percent_discount_rounds_half_up_once_per_line PASSED [ 15%]
tests/test_discounts.py::test_item_fixed_discount_reduces_base_before_tax PASSED [ 16%]
tests/test_discounts.py::test_hundred_percent_discount_zeroes_everything PASSED [ 17%]
tests/test_discounts.py::test_item_fixed_discount_exceeding_gross_is_rejected PASSED [ 18%]
tests/test_discounts.py::test_order_fixed_discount_allocated_by_largest_remainder PASSED [ 20%]
tests/test_discounts.py::test_order_percent_discount_pot_rounded_once_then_allocated PASSED [ 21%]
tests/test_discounts.py::test_zero_net_line_absorbs_no_order_discount PASSED [ 22%]
tests/test_discounts.py::test_impossible_order_discounts_are_rejected PASSED [ 23%]
tests/test_discounts.py::test_inclusive_line_with_discounts_still_honours_the_quote PASSED [ 25%]
tests/test_discounts.py::test_order_discount_across_mixed_inclusive_exclusive_lines_reconciles PASSED [ 26%]
tests/test_engine_exclusive.py::test_clean_case_split_gst PASSED         [ 27%]
tests/test_engine_exclusive.py::test_per_component_rounding_is_the_primitive_not_a_combined_rate PASSED [ 28%]
tests/test_engine_exclusive.py::test_half_up_direction PASSED            [ 30%]
tests/test_engine_exclusive.py::test_zero_rate_component_appears_with_zero_amount PASSED [ 31%]
tests/test_engine_exclusive.py::test_quantity_multiplies_exactly_before_any_rounding PASSED [ 32%]
tests/test_engine_exclusive.py::test_tax_totals_group_by_name_and_rate PASSED [ 33%]
tests/test_engine_inclusive.py::test_clean_back_calculation PASSED       [ 35%]
tests/test_engine_inclusive.py::test_ugly_back_calculation_base_absorbs_rounding PASSED [ 36%]
tests/test_engine_inclusive.py::test_odd_tax_pot_split_across_components PASSED [ 37%]
tests/test_engine_inclusive.py::test_inclusive_with_no_taxes_is_identity PASSED [ 38%]
tests/test_engine_inclusive.py::test_one_paisa_inclusive_amount PASSED   [ 40%]
tests/test_engine_inclusive.py::test_inclusive_quote_always_honoured_exactly PASSED [ 41%]
tests/test_matcher.py::test_exact_and_case_insensitive_match PASSED      [ 42%]
tests/test_matcher.py::test_typo_within_a_word PASSED                    [ 43%]
tests/test_matcher.py::test_word_order_is_irrelevant PASSED              [ 45%]
tests/test_matcher.py::test_quantity_noise_is_ignored PASSED             [ 46%]
tests/test_matcher.py::test_gibberish_and_empty_queries_abstain PASSED   [ 47%]
tests/test_matcher.py::test_ambiguous_query_abstains_but_exact_sibling_does_not PASSED [ 48%]
tests/test_matcher.py::test_eval_harness_regression_floor PASSED         [ 50%]
tests/test_money.py::test_to_paise_accepts_decimal_and_str PASSED        [ 51%]
tests/test_money.py::test_to_paise_rejects_float_and_bool[12.34] PASSED  [ 52%]
tests/test_money.py::test_to_paise_rejects_float_and_bool[0.1] PASSED    [ 53%]
tests/test_money.py::test_to_paise_rejects_float_and_bool[True] PASSED   [ 55%]
tests/test_money.py::test_to_paise_rejects_float_and_bool[False] PASSED  [ 56%]
tests/test_money.py::test_to_paise_rejects_int_as_ambiguous PASSED       [ 57%]
tests/test_money.py::test_to_paise_rejects_sub_paisa_precision[1.005] PASSED [ 58%]
tests/test_money.py::test_to_paise_rejects_sub_paisa_precision[bad1] PASSED [ 60%]
tests/test_money.py::test_to_paise_rejects_sub_paisa_precision[bad2] PASSED [ 61%]
tests/test_money.py::test_to_paise_rejects_non_finite_and_garbage[NaN] PASSED [ 62%]
tests/test_money.py::test_to_paise_rejects_non_finite_and_garbage[bad1] PASSED [ 63%]
tests/test_money.py::test_to_paise_rejects_non_finite_and_garbage[bad2] PASSED [ 65%]
tests/test_money.py::test_to_paise_rejects_non_finite_and_garbage[abc] PASSED [ 66%]
tests/test_money.py::test_to_paise_rejects_non_finite_and_garbage[] PASSED [ 67%]
tests/test_money.py::test_round_paise_half_up_boundaries PASSED          [ 68%]
tests/test_reconciliation_property.py::test_thousand_random_orders_reconcile PASSED [ 70%]
tests/test_reconciliation_property.py::test_every_output_money_field_is_int_and_results_deterministic PASSED [ 71%]
tests/test_reconciliation_property.py::test_metamorphic_zero_amount_charge_and_zero_rate_tax_change_nothing PASSED [ 72%]
tests/test_textio.py::test_parse_taxes_shorthand PASSED                  [ 73%]
tests/test_textio.py::test_parse_taxes_bad_input PASSED                  [ 75%]
tests/test_textio.py::test_parse_discount_shorthand PASSED               [ 76%]
tests/test_textio.py::test_format_breakdown_contains_reconciled_totals PASSED [ 77%]
tests/test_validation.py::test_negative_and_out_of_range_inputs_rejected[negative-price] PASSED [ 78%]
tests/test_validation.py::test_negative_and_out_of_range_inputs_rejected[negative-charge] PASSED [ 80%]
tests/test_validation.py::test_negative_and_out_of_range_inputs_rejected[negative-rate] PASSED [ 81%]
tests/test_validation.py::test_negative_and_out_of_range_inputs_rejected[negative-discount] PASSED [ 82%]
tests/test_validation.py::test_negative_and_out_of_range_inputs_rejected[percent>100] PASSED [ 83%]
tests/test_validation.py::test_bad_quantities_rejected[0] PASSED         [ 85%]
tests/test_validation.py::test_bad_quantities_rejected[-1] PASSED        [ 86%]
tests/test_validation.py::test_bad_quantities_rejected[True] PASSED      [ 87%]
tests/test_validation.py::test_bad_quantities_rejected[2.0] PASSED       [ 88%]
tests/test_validation.py::test_bad_quantities_rejected[2] PASSED         [ 90%]
tests/test_validation.py::test_float_anywhere_is_a_type_error[price] PASSED [ 91%]
tests/test_validation.py::test_float_anywhere_is_a_type_error[rate] PASSED [ 92%]
tests/test_validation.py::test_float_anywhere_is_a_type_error[discount] PASSED [ 93%]
tests/test_validation.py::test_float_anywhere_is_a_type_error[charge] PASSED [ 95%]
tests/test_validation.py::test_duplicate_tax_component_names_within_one_item_rejected PASSED [ 96%]
tests/test_validation.py::test_empty_order_computes_to_all_zeros PASSED  [ 97%]
tests/test_validation.py::test_discounts_against_zero_subtotal PASSED    [ 98%]
tests/test_validation.py::test_inputs_are_frozen PASSED                  [100%]

============================= 80 passed in 2.06s ==============================
